[0.010s] Invoking command in '/home/kinesis/colcon_ws/src/cygnus_description/build/cygnus_description': CMAKE_PREFIX_PATH=${CMAKE_PREFIX_PATH}:/opt/ros/humble /usr/bin/cmake /home/kinesis/colcon_ws/src/cygnus_description -DCMAKE_INSTALL_PREFIX=/home/kinesis/colcon_ws/src/cygnus_description/install/cygnus_description
[0.050s] -- The C compiler identification is GNU 11.4.0
[0.086s] -- The CXX compiler identification is GNU 11.4.0
[0.091s] -- Detecting C compiler ABI info
[0.141s] -- Detecting C compiler ABI info - done
[0.146s] -- Check for working C compiler: /usr/bin/cc - skipped
[0.146s] -- Detecting C compile features
[0.146s] -- Detecting C compile features - done
[0.148s] -- Detecting CXX compiler ABI info
[0.200s] -- Detecting CXX compiler ABI info - done
[0.204s] -- Check for working CXX compiler: /usr/bin/c++ - skipped
[0.205s] -- Detecting CXX compile features
[0.205s] -- Detecting CXX compile features - done
[0.206s] -- Found ament_cmake: 1.3.11 (/opt/ros/humble/share/ament_cmake/cmake)
[0.295s] -- Found Python3: /usr/bin/python3 (found version "3.10.12") found components: Interpreter 
[0.346s] -- Found urdf: 2.6.1 (/opt/ros/humble/share/urdf/cmake)
[0.410s] -- Configuring done
[0.411s] -- Generating done
[0.413s] -- Build files have been written to: /home/kinesis/colcon_ws/src/cygnus_description/build/cygnus_description
[0.417s] Invoked command in '/home/kinesis/colcon_ws/src/cygnus_description/build/cygnus_description' returned '0': CMAKE_PREFIX_PATH=${CMAKE_PREFIX_PATH}:/opt/ros/humble /usr/bin/cmake /home/kinesis/colcon_ws/src/cygnus_description -DCMAKE_INSTALL_PREFIX=/home/kinesis/colcon_ws/src/cygnus_description/install/cygnus_description
[0.418s] Invoking command in '/home/kinesis/colcon_ws/src/cygnus_description/build/cygnus_description': CMAKE_PREFIX_PATH=${CMAKE_PREFIX_PATH}:/opt/ros/humble /usr/bin/cmake --build /home/kinesis/colcon_ws/src/cygnus_description/build/cygnus_description -- -j2 -l2
[0.444s] Invoked command in '/home/kinesis/colcon_ws/src/cygnus_description/build/cygnus_description' returned '0': CMAKE_PREFIX_PATH=${CMAKE_PREFIX_PATH}:/opt/ros/humble /usr/bin/cmake --build /home/kinesis/colcon_ws/src/cygnus_description/build/cygnus_description -- -j2 -l2
[0.452s] Invoking command in '/home/kinesis/colcon_ws/src/cygnus_description/build/cygnus_description': CMAKE_PREFIX_PATH=${CMAKE_PREFIX_PATH}:/opt/ros/humble /usr/bin/cmake --install /home/kinesis/colcon_ws/src/cygnus_description/build/cygnus_description
[0.455s] -- Install configuration: ""
[0.455s] -- Installing: /home/kinesis/colcon_ws/src/cygnus_description/install/cygnus_description/share/cygnus_description/meshes
[0.455s] -- Installing: /home/kinesis/colcon_ws/src/cygnus_description/install/cygnus_description/share/cygnus_description/meshes/flipper_back_left_1.stl
[0.456s] -- Installing: /home/kinesis/colcon_ws/src/cygnus_description/install/cygnus_description/share/cygnus_description/meshes/flipper_front_left_1.stl
[0.456s] -- Installing: /home/kinesis/colcon_ws/src/cygnus_description/install/cygnus_description/share/cygnus_description/meshes/flipper_front_right_1.stl
[0.456s] -- Installing: /home/kinesis/colcon_ws/src/cygnus_description/install/cygnus_description/share/cygnus_description/meshes/flipper_back_right_1.stl
[0.456s] -- Installing: /home/kinesis/colcon_ws/src/cygnus_description/install/cygnus_description/share/cygnus_description/meshes/base_link.stl
[0.456s] -- Installing: /home/kinesis/colcon_ws/src/cygnus_description/install/cygnus_description/share/cygnus_description/urdf
[0.457s] -- Installing: /home/kinesis/colcon_ws/src/cygnus_description/install/cygnus_description/share/cygnus_description/urdf/cygnus.gazebo
[0.457s] -- Installing: /home/kinesis/colcon_ws/src/cygnus_description/install/cygnus_description/share/cygnus_description/urdf/cygnus.trans
[0.457s] -- Installing: /home/kinesis/colcon_ws/src/cygnus_description/install/cygnus_description/share/cygnus_description/urdf/cygnus.xacro
[0.457s] -- Installing: /home/kinesis/colcon_ws/src/cygnus_description/install/cygnus_description/share/cygnus_description/urdf/materials.xacro
[0.457s] -- Installing: /home/kinesis/colcon_ws/src/cygnus_description/install/cygnus_description/share/ament_index/resource_index/package_run_dependencies/cygnus_description
[0.457s] -- Installing: /home/kinesis/colcon_ws/src/cygnus_description/install/cygnus_description/share/ament_index/resource_index/parent_prefix_path/cygnus_description
[0.458s] -- Installing: /home/kinesis/colcon_ws/src/cygnus_description/install/cygnus_description/share/cygnus_description/environment/ament_prefix_path.sh
[0.458s] -- Installing: /home/kinesis/colcon_ws/src/cygnus_description/install/cygnus_description/share/cygnus_description/environment/ament_prefix_path.dsv
[0.458s] -- Installing: /home/kinesis/colcon_ws/src/cygnus_description/install/cygnus_description/share/cygnus_description/environment/path.sh
[0.458s] -- Installing: /home/kinesis/colcon_ws/src/cygnus_description/install/cygnus_description/share/cygnus_description/environment/path.dsv
[0.458s] -- Installing: /home/kinesis/colcon_ws/src/cygnus_description/install/cygnus_description/share/cygnus_description/local_setup.bash
[0.458s] -- Installing: /home/kinesis/colcon_ws/src/cygnus_description/install/cygnus_description/share/cygnus_description/local_setup.sh
[0.459s] -- Installing: /home/kinesis/colcon_ws/src/cygnus_description/install/cygnus_description/share/cygnus_description/local_setup.zsh
[0.459s] -- Installing: /home/kinesis/colcon_ws/src/cygnus_description/install/cygnus_description/share/cygnus_description/local_setup.dsv
[0.459s] -- Installing: /home/kinesis/colcon_ws/src/cygnus_description/install/cygnus_description/share/cygnus_description/package.dsv
[0.459s] -- Installing: /home/kinesis/colcon_ws/src/cygnus_description/install/cygnus_description/share/ament_index/resource_index/packages/cygnus_description
[0.460s] -- Installing: /home/kinesis/colcon_ws/src/cygnus_description/install/cygnus_description/share/cygnus_description/cmake/cygnus_descriptionConfig.cmake
[0.460s] -- Installing: /home/kinesis/colcon_ws/src/cygnus_description/install/cygnus_description/share/cygnus_description/cmake/cygnus_descriptionConfig-version.cmake
[0.460s] -- Installing: /home/kinesis/colcon_ws/src/cygnus_description/install/cygnus_description/share/cygnus_description/package.xml
[0.461s] Invoked command in '/home/kinesis/colcon_ws/src/cygnus_description/build/cygnus_description' returned '0': CMAKE_PREFIX_PATH=${CMAKE_PREFIX_PATH}:/opt/ros/humble /usr/bin/cmake --install /home/kinesis/colcon_ws/src/cygnus_description/build/cygnus_description
