[0.064s] DEBUG:colcon:Command line arguments: ['/usr/bin/colcon', 'build']
[0.064s] DEBUG:colcon:Parsed command line arguments: Namespace(log_base=None, log_level=None, verb_name='build', build_base='build', install_base='install', merge_install=False, symlink_install=False, test_result_base=None, continue_on_error=False, executor='parallel', parallel_workers=2, event_handlers=None, ignore_user_meta=False, metas=['./colcon.meta'], base_paths=['.'], packages_ignore=None, packages_ignore_regex=None, paths=None, packages_up_to=None, packages_up_to_regex=None, packages_above=None, packages_above_and_dependencies=None, packages_above_depth=None, packages_select_by_dep=None, packages_skip_by_dep=None, packages_skip_up_to=None, packages_select_build_failed=False, packages_skip_build_finished=False, packages_select_test_failures=False, packages_skip_test_passed=False, packages_select=None, packages_skip=None, packages_select_regex=None, packages_skip_regex=None, packages_start=None, packages_end=None, allow_overriding=[], cmake_args=None, cmake_target=None, cmake_target_skip_unavailable=False, cmake_clean_cache=False, cmake_clean_first=False, cmake_force_configure=False, ament_cmake_args=None, catkin_cmake_args=None, catkin_skip_building_tests=False, mixin_files=None, mixin=None, verb_parser=<colcon_mixin.mixin.mixin_argument.MixinArgumentDecorator object at 0x7cf4d9751300>, verb_extension=<colcon_core.verb.build.BuildVerb object at 0x7cf4d9750c40>, main=<bound method BuildVerb.main of <colcon_core.verb.build.BuildVerb object at 0x7cf4d9750c40>>, mixin_verb=('build',))
[0.160s] Level 1:colcon.colcon_core.package_discovery:discover_packages(colcon_meta) check parameters
[0.160s] Level 1:colcon.colcon_core.package_discovery:discover_packages(recursive) check parameters
[0.160s] Level 1:colcon.colcon_core.package_discovery:discover_packages(ignore) check parameters
[0.160s] Level 1:colcon.colcon_core.package_discovery:discover_packages(path) check parameters
[0.160s] Level 1:colcon.colcon_core.package_discovery:discover_packages(colcon_meta) discover
[0.160s] Level 1:colcon.colcon_core.package_discovery:discover_packages(recursive) discover
[0.160s] INFO:colcon.colcon_core.package_discovery:Crawling recursively for packages in '/home/kinesis/colcon_ws/src/cygnus_description'
[0.161s] Level 1:colcon.colcon_core.package_identification:_identify(.) by extensions ['ignore', 'ignore_ament_install']
[0.161s] Level 1:colcon.colcon_core.package_identification:_identify(.) by extension 'ignore'
[0.161s] Level 1:colcon.colcon_core.package_identification:_identify(.) by extension 'ignore_ament_install'
[0.161s] Level 1:colcon.colcon_core.package_identification:_identify(.) by extensions ['colcon_pkg']
[0.161s] Level 1:colcon.colcon_core.package_identification:_identify(.) by extension 'colcon_pkg'
[0.161s] Level 1:colcon.colcon_core.package_identification:_identify(.) by extensions ['colcon_meta']
[0.161s] Level 1:colcon.colcon_core.package_identification:_identify(.) by extension 'colcon_meta'
[0.161s] Level 1:colcon.colcon_core.package_identification:_identify(.) by extensions ['ros']
[0.161s] Level 1:colcon.colcon_core.package_identification:_identify(.) by extension 'ros'
[0.168s] DEBUG:colcon.colcon_core.package_identification:Package '.' with type 'ros.ament_cmake' and name 'cygnus_description'
[0.168s] Level 1:colcon.colcon_core.package_discovery:discover_packages(recursive) using defaults
[0.168s] Level 1:colcon.colcon_core.package_discovery:discover_packages(ignore) discover
[0.168s] Level 1:colcon.colcon_core.package_discovery:discover_packages(ignore) using defaults
[0.168s] Level 1:colcon.colcon_core.package_discovery:discover_packages(path) discover
[0.168s] Level 1:colcon.colcon_core.package_discovery:discover_packages(path) using defaults
[0.185s] Level 1:colcon.colcon_core.package_discovery:discover_packages(prefix_path) check parameters
[0.185s] Level 1:colcon.colcon_core.package_discovery:discover_packages(prefix_path) discover
[0.186s] WARNING:colcon.colcon_core.prefix_path.colcon:The path '/home/kinesis/colcon_ws/install' in the environment variable COLCON_PREFIX_PATH doesn't exist
[0.186s] WARNING:colcon.colcon_ros.prefix_path.ament:The path '/home/kinesis/colcon_ws/src/cygnus_description/install/cygnus_description' in the environment variable AMENT_PREFIX_PATH doesn't exist
[0.186s] WARNING:colcon.colcon_ros.prefix_path.catkin:The path '/home/kinesis/colcon_ws/src/cygnus_description/install/cygnus_description' in the environment variable CMAKE_PREFIX_PATH doesn't exist
[0.186s] WARNING:colcon.colcon_ros.prefix_path.catkin:The path '/home/kinesis/colcon_ws/install/tracked_robot_test_1_description' in the environment variable CMAKE_PREFIX_PATH doesn't exist
[0.186s] DEBUG:colcon.colcon_installed_package_information.package_discovery:Found 0 installed packages in /home/kinesis/colcon_ws/src/cygnus_description/install
[0.188s] DEBUG:colcon.colcon_installed_package_information.package_discovery:Found 331 installed packages in /opt/ros/humble
[0.189s] Level 1:colcon.colcon_core.package_discovery:discover_packages(prefix_path) using defaults
[0.216s] Level 5:colcon.colcon_core.verb:set package 'cygnus_description' build argument 'cmake_args' from command line to 'None'
[0.216s] Level 5:colcon.colcon_core.verb:set package 'cygnus_description' build argument 'cmake_target' from command line to 'None'
[0.216s] Level 5:colcon.colcon_core.verb:set package 'cygnus_description' build argument 'cmake_target_skip_unavailable' from command line to 'False'
[0.216s] Level 5:colcon.colcon_core.verb:set package 'cygnus_description' build argument 'cmake_clean_cache' from command line to 'False'
[0.216s] Level 5:colcon.colcon_core.verb:set package 'cygnus_description' build argument 'cmake_clean_first' from command line to 'False'
[0.216s] Level 5:colcon.colcon_core.verb:set package 'cygnus_description' build argument 'cmake_force_configure' from command line to 'False'
[0.216s] Level 5:colcon.colcon_core.verb:set package 'cygnus_description' build argument 'ament_cmake_args' from command line to 'None'
[0.216s] Level 5:colcon.colcon_core.verb:set package 'cygnus_description' build argument 'catkin_cmake_args' from command line to 'None'
[0.216s] Level 5:colcon.colcon_core.verb:set package 'cygnus_description' build argument 'catkin_skip_building_tests' from command line to 'False'
[0.216s] DEBUG:colcon.colcon_core.verb:Building package 'cygnus_description' with the following arguments: {'ament_cmake_args': None, 'build_base': '/home/kinesis/colcon_ws/src/cygnus_description/build/cygnus_description', 'catkin_cmake_args': None, 'catkin_skip_building_tests': False, 'cmake_args': None, 'cmake_clean_cache': False, 'cmake_clean_first': False, 'cmake_force_configure': False, 'cmake_target': None, 'cmake_target_skip_unavailable': False, 'install_base': '/home/kinesis/colcon_ws/src/cygnus_description/install/cygnus_description', 'merge_install': False, 'path': '/home/kinesis/colcon_ws/src/cygnus_description', 'symlink_install': False, 'test_result_base': None}
[0.216s] INFO:colcon.colcon_core.executor:Executing jobs using 'parallel' executor
[0.217s] DEBUG:colcon.colcon_parallel_executor.executor.parallel:run_until_complete
[0.217s] INFO:colcon.colcon_ros.task.ament_cmake.build:Building ROS package in '/home/kinesis/colcon_ws/src/cygnus_description' with build type 'ament_cmake'
[0.217s] INFO:colcon.colcon_cmake.task.cmake.build:Building CMake package in '/home/kinesis/colcon_ws/src/cygnus_description'
[0.219s] INFO:colcon.colcon_core.plugin_system:Skipping extension 'colcon_core.shell.bat': Not used on non-Windows systems
[0.219s] INFO:colcon.colcon_core.shell:Skip shell extension 'powershell' for command environment: Not usable outside of PowerShell
[0.219s] DEBUG:colcon.colcon_core.shell:Skip shell extension 'dsv' for command environment
[0.228s] DEBUG:colcon.colcon_core.event_handler.log_command:Invoking command in '/home/kinesis/colcon_ws/src/cygnus_description/build/cygnus_description': CMAKE_PREFIX_PATH=${CMAKE_PREFIX_PATH}:/opt/ros/humble /usr/bin/cmake /home/kinesis/colcon_ws/src/cygnus_description -DCMAKE_INSTALL_PREFIX=/home/kinesis/colcon_ws/src/cygnus_description/install/cygnus_description
[0.635s] DEBUG:colcon.colcon_core.event_handler.log_command:Invoked command in '/home/kinesis/colcon_ws/src/cygnus_description/build/cygnus_description' returned '0': CMAKE_PREFIX_PATH=${CMAKE_PREFIX_PATH}:/opt/ros/humble /usr/bin/cmake /home/kinesis/colcon_ws/src/cygnus_description -DCMAKE_INSTALL_PREFIX=/home/kinesis/colcon_ws/src/cygnus_description/install/cygnus_description
[0.636s] DEBUG:colcon.colcon_core.event_handler.log_command:Invoking command in '/home/kinesis/colcon_ws/src/cygnus_description/build/cygnus_description': CMAKE_PREFIX_PATH=${CMAKE_PREFIX_PATH}:/opt/ros/humble /usr/bin/cmake --build /home/kinesis/colcon_ws/src/cygnus_description/build/cygnus_description -- -j2 -l2
[0.662s] DEBUG:colcon.colcon_core.event_handler.log_command:Invoked command in '/home/kinesis/colcon_ws/src/cygnus_description/build/cygnus_description' returned '0': CMAKE_PREFIX_PATH=${CMAKE_PREFIX_PATH}:/opt/ros/humble /usr/bin/cmake --build /home/kinesis/colcon_ws/src/cygnus_description/build/cygnus_description -- -j2 -l2
[0.670s] DEBUG:colcon.colcon_core.event_handler.log_command:Invoking command in '/home/kinesis/colcon_ws/src/cygnus_description/build/cygnus_description': CMAKE_PREFIX_PATH=${CMAKE_PREFIX_PATH}:/opt/ros/humble /usr/bin/cmake --install /home/kinesis/colcon_ws/src/cygnus_description/build/cygnus_description
[0.678s] Level 1:colcon.colcon_core.environment:create_environment_scripts_only(cygnus_description)
[0.679s] DEBUG:colcon.colcon_core.event_handler.log_command:Invoked command in '/home/kinesis/colcon_ws/src/cygnus_description/build/cygnus_description' returned '0': CMAKE_PREFIX_PATH=${CMAKE_PREFIX_PATH}:/opt/ros/humble /usr/bin/cmake --install /home/kinesis/colcon_ws/src/cygnus_description/build/cygnus_description
[0.680s] Level 1:colcon.colcon_core.environment:checking '/home/kinesis/colcon_ws/src/cygnus_description/install/cygnus_description' for CMake module files
[0.680s] Level 1:colcon.colcon_core.environment:checking '/home/kinesis/colcon_ws/src/cygnus_description/install/cygnus_description' for CMake config files
[0.681s] Level 1:colcon.colcon_core.shell:create_environment_hook('cygnus_description', 'cmake_prefix_path')
[0.681s] INFO:colcon.colcon_core.shell:Creating environment hook '/home/kinesis/colcon_ws/src/cygnus_description/install/cygnus_description/share/cygnus_description/hook/cmake_prefix_path.ps1'
[0.681s] INFO:colcon.colcon_core.shell:Creating environment descriptor '/home/kinesis/colcon_ws/src/cygnus_description/install/cygnus_description/share/cygnus_description/hook/cmake_prefix_path.dsv'
[0.681s] INFO:colcon.colcon_core.shell:Creating environment hook '/home/kinesis/colcon_ws/src/cygnus_description/install/cygnus_description/share/cygnus_description/hook/cmake_prefix_path.sh'
[0.682s] Level 1:colcon.colcon_core.environment:checking '/home/kinesis/colcon_ws/src/cygnus_description/install/cygnus_description/bin'
[0.682s] Level 1:colcon.colcon_core.environment:checking '/home/kinesis/colcon_ws/src/cygnus_description/install/cygnus_description/lib/pkgconfig/cygnus_description.pc'
[0.682s] Level 1:colcon.colcon_core.environment:checking '/home/kinesis/colcon_ws/src/cygnus_description/install/cygnus_description/lib/python3.10/site-packages'
[0.682s] Level 1:colcon.colcon_core.environment:checking '/home/kinesis/colcon_ws/src/cygnus_description/install/cygnus_description/bin'
[0.682s] INFO:colcon.colcon_core.shell:Creating package script '/home/kinesis/colcon_ws/src/cygnus_description/install/cygnus_description/share/cygnus_description/package.ps1'
[0.682s] INFO:colcon.colcon_core.shell:Creating package descriptor '/home/kinesis/colcon_ws/src/cygnus_description/install/cygnus_description/share/cygnus_description/package.dsv'
[0.683s] INFO:colcon.colcon_core.shell:Creating package script '/home/kinesis/colcon_ws/src/cygnus_description/install/cygnus_description/share/cygnus_description/package.sh'
[0.683s] INFO:colcon.colcon_core.shell:Creating package script '/home/kinesis/colcon_ws/src/cygnus_description/install/cygnus_description/share/cygnus_description/package.bash'
[0.683s] INFO:colcon.colcon_core.shell:Creating package script '/home/kinesis/colcon_ws/src/cygnus_description/install/cygnus_description/share/cygnus_description/package.zsh'
[0.684s] Level 1:colcon.colcon_core.environment:create_file_with_runtime_dependencies(/home/kinesis/colcon_ws/src/cygnus_description/install/cygnus_description/share/colcon-core/packages/cygnus_description)
[0.684s] Level 1:colcon.colcon_core.environment:create_environment_scripts_only(cygnus_description)
[0.684s] Level 1:colcon.colcon_core.environment:checking '/home/kinesis/colcon_ws/src/cygnus_description/install/cygnus_description' for CMake module files
[0.684s] Level 1:colcon.colcon_core.environment:checking '/home/kinesis/colcon_ws/src/cygnus_description/install/cygnus_description' for CMake config files
[0.685s] Level 1:colcon.colcon_core.shell:create_environment_hook('cygnus_description', 'cmake_prefix_path')
[0.685s] INFO:colcon.colcon_core.shell:Creating environment hook '/home/kinesis/colcon_ws/src/cygnus_description/install/cygnus_description/share/cygnus_description/hook/cmake_prefix_path.ps1'
[0.685s] INFO:colcon.colcon_core.shell:Creating environment descriptor '/home/kinesis/colcon_ws/src/cygnus_description/install/cygnus_description/share/cygnus_description/hook/cmake_prefix_path.dsv'
[0.685s] INFO:colcon.colcon_core.shell:Creating environment hook '/home/kinesis/colcon_ws/src/cygnus_description/install/cygnus_description/share/cygnus_description/hook/cmake_prefix_path.sh'
[0.686s] Level 1:colcon.colcon_core.environment:checking '/home/kinesis/colcon_ws/src/cygnus_description/install/cygnus_description/bin'
[0.686s] Level 1:colcon.colcon_core.environment:checking '/home/kinesis/colcon_ws/src/cygnus_description/install/cygnus_description/lib/pkgconfig/cygnus_description.pc'
[0.686s] Level 1:colcon.colcon_core.environment:checking '/home/kinesis/colcon_ws/src/cygnus_description/install/cygnus_description/lib/python3.10/site-packages'
[0.686s] Level 1:colcon.colcon_core.environment:checking '/home/kinesis/colcon_ws/src/cygnus_description/install/cygnus_description/bin'
[0.686s] INFO:colcon.colcon_core.shell:Creating package script '/home/kinesis/colcon_ws/src/cygnus_description/install/cygnus_description/share/cygnus_description/package.ps1'
[0.686s] INFO:colcon.colcon_core.shell:Creating package descriptor '/home/kinesis/colcon_ws/src/cygnus_description/install/cygnus_description/share/cygnus_description/package.dsv'
[0.687s] INFO:colcon.colcon_core.shell:Creating package script '/home/kinesis/colcon_ws/src/cygnus_description/install/cygnus_description/share/cygnus_description/package.sh'
[0.687s] INFO:colcon.colcon_core.shell:Creating package script '/home/kinesis/colcon_ws/src/cygnus_description/install/cygnus_description/share/cygnus_description/package.bash'
[0.687s] INFO:colcon.colcon_core.shell:Creating package script '/home/kinesis/colcon_ws/src/cygnus_description/install/cygnus_description/share/cygnus_description/package.zsh'
[0.688s] Level 1:colcon.colcon_core.environment:create_file_with_runtime_dependencies(/home/kinesis/colcon_ws/src/cygnus_description/install/cygnus_description/share/colcon-core/packages/cygnus_description)
[0.688s] DEBUG:colcon.colcon_parallel_executor.executor.parallel:closing loop
[0.688s] DEBUG:colcon.colcon_parallel_executor.executor.parallel:loop closed
[0.688s] DEBUG:colcon.colcon_parallel_executor.executor.parallel:run_until_complete finished with '0'
[0.688s] DEBUG:colcon.colcon_core.event_reactor:joining thread
[0.691s] INFO:colcon.colcon_core.plugin_system:Skipping extension 'colcon_notification.desktop_notification.terminal_notifier': Not used on non-Darwin systems
[0.691s] INFO:colcon.colcon_core.plugin_system:Skipping extension 'colcon_notification.desktop_notification.win32': Not used on non-Windows systems
[0.691s] INFO:colcon.colcon_notification.desktop_notification:Sending desktop notification using 'notify2'
[0.701s] DEBUG:colcon.colcon_core.event_reactor:joined thread
[0.701s] INFO:colcon.colcon_core.shell:Creating prefix script '/home/kinesis/colcon_ws/src/cygnus_description/install/local_setup.ps1'
[0.702s] INFO:colcon.colcon_core.shell:Creating prefix util module '/home/kinesis/colcon_ws/src/cygnus_description/install/_local_setup_util_ps1.py'
[0.702s] INFO:colcon.colcon_core.shell:Creating prefix chain script '/home/kinesis/colcon_ws/src/cygnus_description/install/setup.ps1'
[0.703s] INFO:colcon.colcon_core.shell:Creating prefix script '/home/kinesis/colcon_ws/src/cygnus_description/install/local_setup.sh'
[0.703s] INFO:colcon.colcon_core.shell:Creating prefix util module '/home/kinesis/colcon_ws/src/cygnus_description/install/_local_setup_util_sh.py'
[0.703s] INFO:colcon.colcon_core.shell:Creating prefix chain script '/home/kinesis/colcon_ws/src/cygnus_description/install/setup.sh'
[0.704s] INFO:colcon.colcon_core.shell:Creating prefix script '/home/kinesis/colcon_ws/src/cygnus_description/install/local_setup.bash'
[0.704s] INFO:colcon.colcon_core.shell:Creating prefix chain script '/home/kinesis/colcon_ws/src/cygnus_description/install/setup.bash'
[0.705s] INFO:colcon.colcon_core.shell:Creating prefix script '/home/kinesis/colcon_ws/src/cygnus_description/install/local_setup.zsh'
[0.705s] INFO:colcon.colcon_core.shell:Creating prefix chain script '/home/kinesis/colcon_ws/src/cygnus_description/install/setup.zsh'
